> Task :checkKotlinGradlePluginConfigurationErrors SKIPPED
> Task :compileKotlinMacosArm64
> Task :macosArm64ProcessResources NO-SOURCE
> Task :macosArm64MainKlibrary
> Task :compileTestKotlinMacosArm64
> Task :linkDebugTestMacosArm64

> Task :macosArm64Test FAILED

ai.solace.zlib.test.InflateTest.basicInflationTest[macosArm64] FAILED
    kotlin.AssertionError at /Volumes/stuff/ZLib.kotlin/src/commonTest/kotlin/ai/solace/zlib/test/InflateTest.kt:58

ai.solace.zlib.test.InflateTest.inflateNoCompressionDataTest[macosArm64] FAILED
    kotlin.AssertionError at /Volumes/stuff/ZLib.kotlin/src/commonTest/kotlin/ai/solace/zlib/test/InflateTest.kt:58

ai.solace.zlib.test.InflateTest.minimalInputDataTest[macosArm64] FAILED
    kotlin.AssertionError at /Volumes/stuff/ZLib.kotlin/src/commonTest/kotlin/ai/solace/zlib/test/InflateTest.kt:58

ai.solace.zlib.test.InflateTest.referenceInflationCompatibilityTest[macosArm64] FAILED
    kotlin.AssertionError at /Volumes/stuff/ZLib.kotlin/src/commonTest/kotlin/ai/solace/zlib/test/InflateTest.kt:58

ai.solace.zlib.test.PigzFileTest.testDecompressPigzFile[macosArm64] FAILED
    kotlin.AssertionError at /Volumes/stuff/ZLib.kotlin/src/commonTest/kotlin/ai/solace/zlib/test/PigzFileTest.kt:43

ai.solace.zlib.test.PigzRealWorldTest.testPigzRealWorldDecompression[macosArm64] FAILED
    kotlin.AssertionError at /opt/buildAgent/work/7377bd4dc65e1c03/kotlin/kotlin-native/runtime/src/main/kotlin/kotlin/Exceptions.kt:14

ai.solace.zlib.test.SimpleZLibTest.testMinimalInput[macosArm64] FAILED
    kotlin.AssertionError at /opt/buildAgent/work/7377bd4dc65e1c03/kotlin/kotlin-native/runtime/src/main/kotlin/kotlin/Exceptions.kt:14

72 tests completed, 7 failed

FAILURE: Build failed with an exception.

* What went wrong:
Execution failed for task ':macosArm64Test'.
> There were failing tests. See the report at: file:///Volumes/stuff/ZLib.kotlin/build/reports/tests/macosArm64Test/index.html

* Try:
> Run with --scan to get full insights.

BUILD FAILED in 7s
4 actionable tasks: 4 executed
